<?xml version="1.0" encoding="UTF-8"?>
<testng-results skipped="0" failed="0" total="1" passed="1">
  <reporter-output>
  </reporter-output>
  <suite name="Default suite" duration-ms="19340" started-at="2020-01-09T06:57:22Z" finished-at="2020-01-09T06:57:42Z">
    <groups>
    </groups>
    <test name="Default test" duration-ms="19340" started-at="2020-01-09T06:57:22Z" finished-at="2020-01-09T06:57:42Z">
      <class name="selenium.Demo3">
        <test-method status="PASS" signature="test()[pri:0, instance:selenium.Demo3@66d33a]" name="test" duration-ms="19318" started-at="2020-01-09T12:27:22Z" finished-at="2020-01-09T12:27:42Z">
          <reporter-output>
          </reporter-output>
        </test-method> <!-- test -->
      </class> <!-- selenium.Demo3 -->
    </test> <!-- Default test -->
  </suite> <!-- Default suite -->
</testng-results>
